2012/04/15 09:20:16 [error] [exception.CHttpException.404] exception 'CHttpException' with message 'Unable to resolve the request "gi".' in D:\wamp\www\yii\framework\web\CWebApplication.php:280
Stack trace:
#0 D:\wamp\www\yii\framework\web\CWebApplication.php(135): CWebApplication->runController('gi')
#1 D:\wamp\www\yii\framework\base\CApplication.php(162): CWebApplication->processRequest()
#2 D:\wamp\www\hms\index.php(13): CApplication->run()
#3 {main}
REQUEST_URI=/hms/index.php?r=gi
---
2012/04/15 09:21:00 [error] [system.db.CDbCommand] CDbCommand::fetchAll() failed: SQLSTATE[42S02]: Base table or view not found: 1146 Table 'hms.guest' doesn't exist. The SQL statement executed was: SHOW COLUMNS FROM `Guest`.
in D:\wamp\www\hms\index.php (13)
2012/04/15 10:02:55 [error] [exception.CHttpException.404] exception 'CHttpException' with message 'The system is unable to find the requested action "room".' in D:\wamp\www\yii\framework\web\CController.php:484
Stack trace:
#0 D:\wamp\www\yii\framework\web\CController.php(271): CController->missingAction('room')
#1 D:\wamp\www\yii\framework\web\CWebApplication.php(276): CController->run('room')
#2 D:\wamp\www\yii\framework\web\CWebApplication.php(135): CWebApplication->runController('site/room')
#3 D:\wamp\www\yii\framework\base\CApplication.php(162): CWebApplication->processRequest()
#4 D:\wamp\www\hms\index.php(13): CApplication->run()
#5 {main}
REQUEST_URI=/hms/index.php?r=site/room
HTTP_REFERER=http://localhost/hms/
---
2012/04/15 11:03:54 [error] [exception.CDbException] exception 'CDbException' with message 'Table "User" does not have a column named "username".' in D:\wamp\www\yii\framework\db\schema\CDbCommandBuilder.php:570
Stack trace:
#0 D:\wamp\www\yii\framework\db\ar\CActiveRecord.php(1454): CDbCommandBuilder->createColumnCriteria(Object(CMysqlTableSchema), Array, '', Array, '`t`.')
#1 D:\wamp\www\hms\protected\components\UserIdentity.php(13): CActiveRecord->findByAttributes(Array)
#2 D:\wamp\www\hms\protected\models\LoginForm.php(52): UserIdentity->authenticate()
#3 D:\wamp\www\yii\framework\validators\CInlineValidator.php(43): LoginForm->authenticate('password', Array)
#4 D:\wamp\www\yii\framework\validators\CValidator.php(197): CInlineValidator->validateAttribute(Object(LoginForm), 'password')
#5 D:\wamp\www\yii\framework\base\CModel.php(158): CValidator->validate(Object(LoginForm), NULL)
#6 D:\wamp\www\hms\protected\controllers\SiteController.php(88): CModel->validate()
#7 D:\wamp\www\yii\framework\web\actions\CInlineAction.php(50): SiteController->actionLogin()
#8 D:\wamp\www\yii\framework\web\CController.php(309): CInlineAction->runWithParams(Array)
#9 D:\wamp\www\yii\framework\web\CController.php(287): CController->runAction(Object(CInlineAction))
#10 D:\wamp\www\yii\framework\web\CController.php(266): CController->runActionWithFilters(Object(CInlineAction), Array)
#11 D:\wamp\www\yii\framework\web\CWebApplication.php(276): CController->run('login')
#12 D:\wamp\www\yii\framework\web\CWebApplication.php(135): CWebApplication->runController('site/login')
#13 D:\wamp\www\yii\framework\base\CApplication.php(162): CWebApplication->processRequest()
#14 D:\wamp\www\hms\index.php(13): CApplication->run()
#15 {main}
REQUEST_URI=/hms/index.php?r=site/login
HTTP_REFERER=http://localhost/hms/index.php?r=site/login
---
2012/04/15 11:05:08 [error] [exception.CException] exception 'CException' with message 'Property "User.password" is not defined.' in D:\wamp\www\yii\framework\base\CComponent.php:131
Stack trace:
#0 D:\wamp\www\yii\framework\db\ar\CActiveRecord.php(144): CComponent->__get('password')
#1 D:\wamp\www\hms\protected\controllers\UserController.php(72): CActiveRecord->__get('password')
#2 D:\wamp\www\yii\framework\web\actions\CInlineAction.php(50): UserController->actionCreate()
#3 D:\wamp\www\yii\framework\web\CController.php(309): CInlineAction->runWithParams(Array)
#4 D:\wamp\www\yii\framework\web\filters\CFilterChain.php(134): CController->runAction(Object(CInlineAction))
#5 D:\wamp\www\yii\framework\web\filters\CFilter.php(41): CFilterChain->run()
#6 D:\wamp\www\yii\framework\web\CController.php(1146): CFilter->filter(Object(CFilterChain))
#7 D:\wamp\www\yii\framework\web\filters\CInlineFilter.php(59): CController->filterAccessControl(Object(CFilterChain))
#8 D:\wamp\www\yii\framework\web\filters\CFilterChain.php(131): CInlineFilter->filter(Object(CFilterChain))
#9 D:\wamp\www\yii\framework\web\CController.php(292): CFilterChain->run()
#10 D:\wamp\www\yii\framework\web\CController.php(266): CController->runActionWithFilters(Object(CInlineAction), Array)
#11 D:\wamp\www\yii\framework\web\CWebApplication.php(276): CController->run('create')
#12 D:\wamp\www\yii\framework\web\CWebApplication.php(135): CWebApplication->runController('user/create')
#13 D:\wamp\www\yii\framework\base\CApplication.php(162): CWebApplication->processRequest()
#14 D:\wamp\www\hms\index.php(13): CApplication->run()
#15 {main}
REQUEST_URI=/hms/index.php?r=user/create
HTTP_REFERER=http://localhost/hms/index.php?r=user/create
---
2012/04/15 11:06:52 [error] [exception.CException] exception 'CException' with message 'Property "User.Username" is not defined.' in D:\wamp\www\yii\framework\base\CComponent.php:174
Stack trace:
#0 D:\wamp\www\yii\framework\db\ar\CActiveRecord.php(160): CComponent->__set('Username', 'admin')
#1 D:\wamp\www\yii\framework\base\CModel.php(470): CActiveRecord->__set('Username', 'admin')
#2 D:\wamp\www\yii\framework\base\CComponent.php(153): CModel->setAttributes(Array)
#3 D:\wamp\www\yii\framework\db\ar\CActiveRecord.php(160): CComponent->__set('attributes', Array)
#4 D:\wamp\www\hms\protected\controllers\UserController.php(71): CActiveRecord->__set('attributes', Array)
#5 D:\wamp\www\yii\framework\web\actions\CInlineAction.php(50): UserController->actionCreate()
#6 D:\wamp\www\yii\framework\web\CController.php(309): CInlineAction->runWithParams(Array)
#7 D:\wamp\www\yii\framework\web\filters\CFilterChain.php(134): CController->runAction(Object(CInlineAction))
#8 D:\wamp\www\yii\framework\web\filters\CFilter.php(41): CFilterChain->run()
#9 D:\wamp\www\yii\framework\web\CController.php(1146): CFilter->filter(Object(CFilterChain))
#10 D:\wamp\www\yii\framework\web\filters\CInlineFilter.php(59): CController->filterAccessControl(Object(CFilterChain))
#11 D:\wamp\www\yii\framework\web\filters\CFilterChain.php(131): CInlineFilter->filter(Object(CFilterChain))
#12 D:\wamp\www\yii\framework\web\CController.php(292): CFilterChain->run()
#13 D:\wamp\www\yii\framework\web\CController.php(266): CController->runActionWithFilters(Object(CInlineAction), Array)
#14 D:\wamp\www\yii\framework\web\CWebApplication.php(276): CController->run('create')
#15 D:\wamp\www\yii\framework\web\CWebApplication.php(135): CWebApplication->runController('user/create')
#16 D:\wamp\www\yii\framework\base\CApplication.php(162): CWebApplication->processRequest()
#17 D:\wamp\www\hms\index.php(13): CApplication->run()
#18 {main}
REQUEST_URI=/hms/index.php?r=user/create
HTTP_REFERER=http://localhost/hms/index.php?r=user/create
---
2012/04/15 11:06:56 [error] [exception.CException] exception 'CException' with message 'Property "User.Username" is not defined.' in D:\wamp\www\yii\framework\base\CComponent.php:131
Stack trace:
#0 D:\wamp\www\yii\framework\db\ar\CActiveRecord.php(144): CComponent->__get('Username')
#1 D:\wamp\www\yii\framework\web\helpers\CHtml.php(2044): CActiveRecord->__get('Username')
#2 D:\wamp\www\yii\framework\web\helpers\CHtml.php(1774): CHtml::resolveValue(Object(User), 'Username')
#3 D:\wamp\www\yii\framework\web\helpers\CHtml.php(1205): CHtml::activeInputField('text', Object(User), 'Username', Array)
#4 D:\wamp\www\yii\framework\web\widgets\CActiveForm.php(575): CHtml::activeTextField(Object(User), 'Username', Array)
#5 D:\wamp\www\hms\protected\views\user\_form.php(14): CActiveForm->textField(Object(User), 'Username', Array)
#6 D:\wamp\www\yii\framework\web\CBaseController.php(127): require('D:\wamp\www\hms...')
#7 D:\wamp\www\yii\framework\web\CBaseController.php(96): CBaseController->renderInternal('D:\wamp\www\hms...', Array, true)
#8 D:\wamp\www\yii\framework\web\CController.php(870): CBaseController->renderFile('D:\wamp\www\hms...', Array, true)
#9 D:\wamp\www\hms\protected\views\user\create.php(15): CController->renderPartial('_form', Array)
#10 D:\wamp\www\yii\framework\web\CBaseController.php(127): require('D:\wamp\www\hms...')
#11 D:\wamp\www\yii\framework\web\CBaseController.php(96): CBaseController->renderInternal('D:\wamp\www\hms...', Array, true)
#12 D:\wamp\www\yii\framework\web\CController.php(870): CBaseController->renderFile('D:\wamp\www\hms...', Array, true)
#13 D:\wamp\www\yii\framework\web\CController.php(783): CController->renderPartial('create', Array, true)
#14 D:\wamp\www\hms\protected\controllers\UserController.php(79): CController->render('create', Array)
#15 D:\wamp\www\yii\framework\web\actions\CInlineAction.php(50): UserController->actionCreate()
#16 D:\wamp\www\yii\framework\web\CController.php(309): CInlineAction->runWithParams(Array)
#17 D:\wamp\www\yii\framework\web\filters\CFilterChain.php(134): CController->runAction(Object(CInlineAction))
#18 D:\wamp\www\yii\framework\web\filters\CFilter.php(41): CFilterChain->run()
#19 D:\wamp\www\yii\framework\web\CController.php(1146): CFilter->filter(Object(CFilterChain))
#20 D:\wamp\www\yii\framework\web\filters\CInlineFilter.php(59): CController->filterAccessControl(Object(CFilterChain))
#21 D:\wamp\www\yii\framework\web\filters\CFilterChain.php(131): CInlineFilter->filter(Object(CFilterChain))
#22 D:\wamp\www\yii\framework\web\CController.php(292): CFilterChain->run()
#23 D:\wamp\www\yii\framework\web\CController.php(266): CController->runActionWithFilters(Object(CInlineAction), Array)
#24 D:\wamp\www\yii\framework\web\CWebApplication.php(276): CController->run('create')
#25 D:\wamp\www\yii\framework\web\CWebApplication.php(135): CWebApplication->runController('user/create')
#26 D:\wamp\www\yii\framework\base\CApplication.php(162): CWebApplication->processRequest()
#27 D:\wamp\www\hms\index.php(13): CApplication->run()
#28 {main}
REQUEST_URI=/hms/index.php?r=user/create
HTTP_REFERER=http://localhost/hms/index.php?r=site/login
---
2012/04/15 11:07:06 [error] [exception.CException] exception 'CException' with message 'Property "User.Username" is not defined.' in D:\wamp\www\yii\framework\base\CComponent.php:131
Stack trace:
#0 D:\wamp\www\yii\framework\db\ar\CActiveRecord.php(144): CComponent->__get('Username')
#1 D:\wamp\www\yii\framework\web\helpers\CHtml.php(2044): CActiveRecord->__get('Username')
#2 D:\wamp\www\yii\framework\web\helpers\CHtml.php(1774): CHtml::resolveValue(Object(User), 'Username')
#3 D:\wamp\www\yii\framework\web\helpers\CHtml.php(1205): CHtml::activeInputField('text', Object(User), 'Username', Array)
#4 D:\wamp\www\yii\framework\web\widgets\CActiveForm.php(575): CHtml::activeTextField(Object(User), 'Username', Array)
#5 D:\wamp\www\hms\protected\views\user\_form.php(14): CActiveForm->textField(Object(User), 'Username', Array)
#6 D:\wamp\www\yii\framework\web\CBaseController.php(127): require('D:\wamp\www\hms...')
#7 D:\wamp\www\yii\framework\web\CBaseController.php(96): CBaseController->renderInternal('D:\wamp\www\hms...', Array, true)
#8 D:\wamp\www\yii\framework\web\CController.php(870): CBaseController->renderFile('D:\wamp\www\hms...', Array, true)
#9 D:\wamp\www\hms\protected\views\user\create.php(15): CController->renderPartial('_form', Array)
#10 D:\wamp\www\yii\framework\web\CBaseController.php(127): require('D:\wamp\www\hms...')
#11 D:\wamp\www\yii\framework\web\CBaseController.php(96): CBaseController->renderInternal('D:\wamp\www\hms...', Array, true)
#12 D:\wamp\www\yii\framework\web\CController.php(870): CBaseController->renderFile('D:\wamp\www\hms...', Array, true)
#13 D:\wamp\www\yii\framework\web\CController.php(783): CController->renderPartial('create', Array, true)
#14 D:\wamp\www\hms\protected\controllers\UserController.php(79): CController->render('create', Array)
#15 D:\wamp\www\yii\framework\web\actions\CInlineAction.php(50): UserController->actionCreate()
#16 D:\wamp\www\yii\framework\web\CController.php(309): CInlineAction->runWithParams(Array)
#17 D:\wamp\www\yii\framework\web\filters\CFilterChain.php(134): CController->runAction(Object(CInlineAction))
#18 D:\wamp\www\yii\framework\web\filters\CFilter.php(41): CFilterChain->run()
#19 D:\wamp\www\yii\framework\web\CController.php(1146): CFilter->filter(Object(CFilterChain))
#20 D:\wamp\www\yii\framework\web\filters\CInlineFilter.php(59): CController->filterAccessControl(Object(CFilterChain))
#21 D:\wamp\www\yii\framework\web\filters\CFilterChain.php(131): CInlineFilter->filter(Object(CFilterChain))
#22 D:\wamp\www\yii\framework\web\CController.php(292): CFilterChain->run()
#23 D:\wamp\www\yii\framework\web\CController.php(266): CController->runActionWithFilters(Object(CInlineAction), Array)
#24 D:\wamp\www\yii\framework\web\CWebApplication.php(276): CController->run('create')
#25 D:\wamp\www\yii\framework\web\CWebApplication.php(135): CWebApplication->runController('user/create')
#26 D:\wamp\www\yii\framework\base\CApplication.php(162): CWebApplication->processRequest()
#27 D:\wamp\www\hms\index.php(13): CApplication->run()
#28 {main}
REQUEST_URI=/hms/index.php?r=user/create
HTTP_REFERER=http://localhost/hms/index.php?r=site/login
---
2012/04/15 11:07:30 [warning] [application] Failed to set unsafe attribute "username" of "User".
in D:\wamp\www\hms\protected\controllers\UserController.php (71)
in D:\wamp\www\hms\index.php (13)
2012/04/15 11:07:30 [warning] [application] Failed to set unsafe attribute "password" of "User".
in D:\wamp\www\hms\protected\controllers\UserController.php (71)
in D:\wamp\www\hms\index.php (13)
2012/04/15 11:07:30 [error] [exception.CException] exception 'CException' with message 'Property "User.Username" is not defined.' in D:\wamp\www\yii\framework\base\CComponent.php:131
Stack trace:
#0 D:\wamp\www\yii\framework\db\ar\CActiveRecord.php(144): CComponent->__get('Username')
#1 D:\wamp\www\yii\framework\validators\CRequiredValidator.php(52): CActiveRecord->__get('Username')
#2 D:\wamp\www\yii\framework\validators\CValidator.php(197): CRequiredValidator->validateAttribute(Object(User), 'Username')
#3 D:\wamp\www\yii\framework\base\CModel.php(158): CValidator->validate(Object(User), NULL)
#4 D:\wamp\www\yii\framework\db\ar\CActiveRecord.php(786): CModel->validate(NULL)
#5 D:\wamp\www\hms\protected\controllers\UserController.php(72): CActiveRecord->save()
#6 D:\wamp\www\yii\framework\web\actions\CInlineAction.php(50): UserController->actionCreate()
#7 D:\wamp\www\yii\framework\web\CController.php(309): CInlineAction->runWithParams(Array)
#8 D:\wamp\www\yii\framework\web\filters\CFilterChain.php(134): CController->runAction(Object(CInlineAction))
#9 D:\wamp\www\yii\framework\web\filters\CFilter.php(41): CFilterChain->run()
#10 D:\wamp\www\yii\framework\web\CController.php(1146): CFilter->filter(Object(CFilterChain))
#11 D:\wamp\www\yii\framework\web\filters\CInlineFilter.php(59): CController->filterAccessControl(Object(CFilterChain))
#12 D:\wamp\www\yii\framework\web\filters\CFilterChain.php(131): CInlineFilter->filter(Object(CFilterChain))
#13 D:\wamp\www\yii\framework\web\CController.php(292): CFilterChain->run()
#14 D:\wamp\www\yii\framework\web\CController.php(266): CController->runActionWithFilters(Object(CInlineAction), Array)
#15 D:\wamp\www\yii\framework\web\CWebApplication.php(276): CController->run('create')
#16 D:\wamp\www\yii\framework\web\CWebApplication.php(135): CWebApplication->runController('user/create')
#17 D:\wamp\www\yii\framework\base\CApplication.php(162): CWebApplication->processRequest()
#18 D:\wamp\www\hms\index.php(13): CApplication->run()
#19 {main}
REQUEST_URI=/hms/index.php?r=user/create
HTTP_REFERER=http://localhost/hms/index.php?r=user/create
---
2012/04/15 11:09:52 [warning] [application] Failed to set unsafe attribute "username" of "User".
in D:\wamp\www\hms\protected\controllers\UserController.php (71)
in D:\wamp\www\hms\index.php (13)
2012/04/15 11:09:52 [warning] [application] Failed to set unsafe attribute "password" of "User".
in D:\wamp\www\hms\protected\controllers\UserController.php (71)
in D:\wamp\www\hms\index.php (13)
2012/04/15 11:09:52 [error] [exception.CException] exception 'CException' with message 'Property "User.Username" is not defined.' in D:\wamp\www\yii\framework\base\CComponent.php:131
Stack trace:
#0 D:\wamp\www\yii\framework\db\ar\CActiveRecord.php(144): CComponent->__get('Username')
#1 D:\wamp\www\yii\framework\validators\CRequiredValidator.php(52): CActiveRecord->__get('Username')
#2 D:\wamp\www\yii\framework\validators\CValidator.php(197): CRequiredValidator->validateAttribute(Object(User), 'Username')
#3 D:\wamp\www\yii\framework\base\CModel.php(158): CValidator->validate(Object(User), NULL)
#4 D:\wamp\www\yii\framework\db\ar\CActiveRecord.php(786): CModel->validate(NULL)
#5 D:\wamp\www\hms\protected\controllers\UserController.php(73): CActiveRecord->save()
#6 D:\wamp\www\yii\framework\web\actions\CInlineAction.php(50): UserController->actionCreate()
#7 D:\wamp\www\yii\framework\web\CController.php(309): CInlineAction->runWithParams(Array)
#8 D:\wamp\www\yii\framework\web\filters\CFilterChain.php(134): CController->runAction(Object(CInlineAction))
#9 D:\wamp\www\yii\framework\web\filters\CFilter.php(41): CFilterChain->run()
#10 D:\wamp\www\yii\framework\web\CController.php(1146): CFilter->filter(Object(CFilterChain))
#11 D:\wamp\www\yii\framework\web\filters\CInlineFilter.php(59): CController->filterAccessControl(Object(CFilterChain))
#12 D:\wamp\www\yii\framework\web\filters\CFilterChain.php(131): CInlineFilter->filter(Object(CFilterChain))
#13 D:\wamp\www\yii\framework\web\CController.php(292): CFilterChain->run()
#14 D:\wamp\www\yii\framework\web\CController.php(266): CController->runActionWithFilters(Object(CInlineAction), Array)
#15 D:\wamp\www\yii\framework\web\CWebApplication.php(276): CController->run('create')
#16 D:\wamp\www\yii\framework\web\CWebApplication.php(135): CWebApplication->runController('user/create')
#17 D:\wamp\www\yii\framework\base\CApplication.php(162): CWebApplication->processRequest()
#18 D:\wamp\www\hms\index.php(13): CApplication->run()
#19 {main}
REQUEST_URI=/hms/index.php?r=user/create
HTTP_REFERER=http://localhost/hms/index.php?r=user/create
---
2012/04/15 11:11:25 [error] [exception.CException] exception 'CException' with message 'Property "User.id" is not defined.' in D:\wamp\www\yii\framework\base\CComponent.php:131
Stack trace:
#0 D:\wamp\www\yii\framework\db\ar\CActiveRecord.php(144): CComponent->__get('id')
#1 D:\wamp\www\hms\protected\components\UserIdentity.php(20): CActiveRecord->__get('id')
#2 D:\wamp\www\hms\protected\models\LoginForm.php(52): UserIdentity->authenticate()
#3 D:\wamp\www\yii\framework\validators\CInlineValidator.php(43): LoginForm->authenticate('password', Array)
#4 D:\wamp\www\yii\framework\validators\CValidator.php(197): CInlineValidator->validateAttribute(Object(LoginForm), 'password')
#5 D:\wamp\www\yii\framework\base\CModel.php(158): CValidator->validate(Object(LoginForm), NULL)
#6 D:\wamp\www\hms\protected\controllers\SiteController.php(88): CModel->validate()
#7 D:\wamp\www\yii\framework\web\actions\CInlineAction.php(50): SiteController->actionLogin()
#8 D:\wamp\www\yii\framework\web\CController.php(309): CInlineAction->runWithParams(Array)
#9 D:\wamp\www\yii\framework\web\CController.php(287): CController->runAction(Object(CInlineAction))
#10 D:\wamp\www\yii\framework\web\CController.php(266): CController->runActionWithFilters(Object(CInlineAction), Array)
#11 D:\wamp\www\yii\framework\web\CWebApplication.php(276): CController->run('login')
#12 D:\wamp\www\yii\framework\web\CWebApplication.php(135): CWebApplication->runController('site/login')
#13 D:\wamp\www\yii\framework\base\CApplication.php(162): CWebApplication->processRequest()
#14 D:\wamp\www\hms\index.php(13): CApplication->run()
#15 {main}
REQUEST_URI=/hms/index.php?r=site/login
HTTP_REFERER=http://localhost/hms/index.php?r=site/login
---
2012/04/15 11:12:05 [error] [exception.CException] exception 'CException' with message 'Property "User.title" is not defined.' in D:\wamp\www\yii\framework\base\CComponent.php:131
Stack trace:
#0 D:\wamp\www\yii\framework\db\ar\CActiveRecord.php(144): CComponent->__get('title')
#1 D:\wamp\www\hms\protected\components\UserIdentity.php(21): CActiveRecord->__get('title')
#2 D:\wamp\www\hms\protected\models\LoginForm.php(52): UserIdentity->authenticate()
#3 D:\wamp\www\yii\framework\validators\CInlineValidator.php(43): LoginForm->authenticate('password', Array)
#4 D:\wamp\www\yii\framework\validators\CValidator.php(197): CInlineValidator->validateAttribute(Object(LoginForm), 'password')
#5 D:\wamp\www\yii\framework\base\CModel.php(158): CValidator->validate(Object(LoginForm), NULL)
#6 D:\wamp\www\hms\protected\controllers\SiteController.php(88): CModel->validate()
#7 D:\wamp\www\yii\framework\web\actions\CInlineAction.php(50): SiteController->actionLogin()
#8 D:\wamp\www\yii\framework\web\CController.php(309): CInlineAction->runWithParams(Array)
#9 D:\wamp\www\yii\framework\web\CController.php(287): CController->runAction(Object(CInlineAction))
#10 D:\wamp\www\yii\framework\web\CController.php(266): CController->runActionWithFilters(Object(CInlineAction), Array)
#11 D:\wamp\www\yii\framework\web\CWebApplication.php(276): CController->run('login')
#12 D:\wamp\www\yii\framework\web\CWebApplication.php(135): CWebApplication->runController('site/login')
#13 D:\wamp\www\yii\framework\base\CApplication.php(162): CWebApplication->processRequest()
#14 D:\wamp\www\hms\index.php(13): CApplication->run()
#15 {main}
REQUEST_URI=/hms/index.php?r=site/login
HTTP_REFERER=http://localhost/hms/index.php?r=site/login
---
2012/04/15 17:01:57 [error] [exception.CException] exception 'CException' with message 'Property "Room.tags" is not defined.' in D:\wamp\www\yii\framework\base\CComponent.php:131
Stack trace:
#0 D:\wamp\www\yii\framework\db\ar\CActiveRecord.php(144): CComponent->__get('tags')
#1 D:\wamp\www\hms\protected\models\Room.php(65): CActiveRecord->__get('tags')
#2 D:\wamp\www\yii\framework\validators\CInlineValidator.php(43): Room->normalizeTags('Tags', Array)
#3 D:\wamp\www\yii\framework\validators\CValidator.php(197): CInlineValidator->validateAttribute(Object(Room), 'Tags')
#4 D:\wamp\www\yii\framework\base\CModel.php(158): CValidator->validate(Object(Room), NULL)
#5 D:\wamp\www\yii\framework\db\ar\CActiveRecord.php(786): CModel->validate(NULL)
#6 D:\wamp\www\hms\protected\controllers\RoomController.php(72): CActiveRecord->save()
#7 D:\wamp\www\yii\framework\web\actions\CInlineAction.php(50): RoomController->actionCreate()
#8 D:\wamp\www\yii\framework\web\CController.php(309): CInlineAction->runWithParams(Array)
#9 D:\wamp\www\yii\framework\web\filters\CFilterChain.php(134): CController->runAction(Object(CInlineAction))
#10 D:\wamp\www\yii\framework\web\filters\CFilter.php(41): CFilterChain->run()
#11 D:\wamp\www\yii\framework\web\CController.php(1146): CFilter->filter(Object(CFilterChain))
#12 D:\wamp\www\yii\framework\web\filters\CInlineFilter.php(59): CController->filterAccessControl(Object(CFilterChain))
#13 D:\wamp\www\yii\framework\web\filters\CFilterChain.php(131): CInlineFilter->filter(Object(CFilterChain))
#14 D:\wamp\www\yii\framework\web\CController.php(292): CFilterChain->run()
#15 D:\wamp\www\yii\framework\web\CController.php(266): CController->runActionWithFilters(Object(CInlineAction), Array)
#16 D:\wamp\www\yii\framework\web\CWebApplication.php(276): CController->run('create')
#17 D:\wamp\www\yii\framework\web\CWebApplication.php(135): CWebApplication->runController('room/create')
#18 D:\wamp\www\yii\framework\base\CApplication.php(162): CWebApplication->processRequest()
#19 D:\wamp\www\hms\index.php(13): CApplication->run()
#20 {main}
REQUEST_URI=/hms/index.php?r=room/create
HTTP_REFERER=http://localhost/hms/index.php?r=room/create
---
2012/04/15 17:03:34 [error] [php] include(Name.php) [<a href='function.include'>function.include</a>]: failed to open stream: No such file or directory (D:\wamp\www\yii\framework\YiiBase.php:418)
Stack trace:
#0 D:\wamp\www\yii\framework\validators\CValidator.php(171): import()
#1 D:\wamp\www\yii\framework\base\CModel.php(285): createValidator()
#2 D:\wamp\www\yii\framework\base\CModel.php(259): Room->createValidators()
#3 D:\wamp\www\yii\framework\base\CModel.php(302): Room->getValidators()
#4 D:\wamp\www\yii\framework\web\helpers\CHtml.php(1185): Room->isAttributeRequired()
#5 D:\wamp\www\yii\framework\web\widgets\CActiveForm.php(560): activeLabelEx()
#6 D:\wamp\www\hms\protected\views\room\_form.php(13): CActiveForm->labelEx()
#7 D:\wamp\www\yii\framework\web\CBaseController.php(127): require()
#8 D:\wamp\www\yii\framework\web\CBaseController.php(96): RoomController->renderInternal()
#9 D:\wamp\www\yii\framework\web\CController.php(870): RoomController->renderFile()
#10 D:\wamp\www\hms\protected\views\room\create.php(15): RoomController->renderPartial()
#11 D:\wamp\www\yii\framework\web\CBaseController.php(127): require()
#12 D:\wamp\www\yii\framework\web\CBaseController.php(96): RoomController->renderInternal()
#13 D:\wamp\www\yii\framework\web\CController.php(870): RoomController->renderFile()
#14 D:\wamp\www\yii\framework\web\CController.php(783): RoomController->renderPartial()
#15 D:\wamp\www\hms\protected\controllers\RoomController.php(78): RoomController->render()
#16 D:\wamp\www\yii\framework\web\actions\CInlineAction.php(50): RoomController->actionCreate()
#17 D:\wamp\www\yii\framework\web\CController.php(309): CInlineAction->runWithParams()
#18 D:\wamp\www\yii\framework\web\filters\CFilterChain.php(134): RoomController->runAction()
#19 D:\wamp\www\yii\framework\web\filters\CFilter.php(41): CFilterChain->run()
#20 D:\wamp\www\yii\framework\web\CController.php(1146): CAccessControlFilter->filter()
#21 D:\wamp\www\yii\framework\web\filters\CInlineFilter.php(59): RoomController->filterAccessControl()
#22 D:\wamp\www\yii\framework\web\filters\CFilterChain.php(131): CInlineFilter->filter()
#23 D:\wamp\www\yii\framework\web\CController.php(292): CFilterChain->run()
#24 D:\wamp\www\yii\framework\web\CController.php(266): RoomController->runActionWithFilters()
#25 D:\wamp\www\yii\framework\web\CWebApplication.php(276): RoomController->run()
#26 D:\wamp\www\yii\framework\web\CWebApplication.php(135): CWebApplication->runController()
#27 D:\wamp\www\yii\framework\base\CApplication.php(162): CWebApplication->processRequest()
#28 D:\wamp\www\hms\index.php(13): CWebApplication->run()
REQUEST_URI=/hms/index.php?r=room/create
in D:\wamp\www\hms\protected\views\room\_form.php (13)
in D:\wamp\www\hms\protected\views\room\create.php (15)
in D:\wamp\www\hms\protected\controllers\RoomController.php (78)
2012/04/15 17:03:39 [error] [php] include(Name.php) [<a href='function.include'>function.include</a>]: failed to open stream: No such file or directory (D:\wamp\www\yii\framework\YiiBase.php:418)
Stack trace:
#0 D:\wamp\www\yii\framework\validators\CValidator.php(171): import()
#1 D:\wamp\www\yii\framework\base\CModel.php(285): createValidator()
#2 D:\wamp\www\yii\framework\base\CModel.php(259): Room->createValidators()
#3 D:\wamp\www\yii\framework\base\CModel.php(302): Room->getValidators()
#4 D:\wamp\www\yii\framework\web\helpers\CHtml.php(1185): Room->isAttributeRequired()
#5 D:\wamp\www\yii\framework\web\widgets\CActiveForm.php(560): activeLabelEx()
#6 D:\wamp\www\hms\protected\views\room\_form.php(13): CActiveForm->labelEx()
#7 D:\wamp\www\yii\framework\web\CBaseController.php(127): require()
#8 D:\wamp\www\yii\framework\web\CBaseController.php(96): RoomController->renderInternal()
#9 D:\wamp\www\yii\framework\web\CController.php(870): RoomController->renderFile()
#10 D:\wamp\www\hms\protected\views\room\create.php(15): RoomController->renderPartial()
#11 D:\wamp\www\yii\framework\web\CBaseController.php(127): require()
#12 D:\wamp\www\yii\framework\web\CBaseController.php(96): RoomController->renderInternal()
#13 D:\wamp\www\yii\framework\web\CController.php(870): RoomController->renderFile()
#14 D:\wamp\www\yii\framework\web\CController.php(783): RoomController->renderPartial()
#15 D:\wamp\www\hms\protected\controllers\RoomController.php(78): RoomController->render()
#16 D:\wamp\www\yii\framework\web\actions\CInlineAction.php(50): RoomController->actionCreate()
#17 D:\wamp\www\yii\framework\web\CController.php(309): CInlineAction->runWithParams()
#18 D:\wamp\www\yii\framework\web\filters\CFilterChain.php(134): RoomController->runAction()
#19 D:\wamp\www\yii\framework\web\filters\CFilter.php(41): CFilterChain->run()
#20 D:\wamp\www\yii\framework\web\CController.php(1146): CAccessControlFilter->filter()
#21 D:\wamp\www\yii\framework\web\filters\CInlineFilter.php(59): RoomController->filterAccessControl()
#22 D:\wamp\www\yii\framework\web\filters\CFilterChain.php(131): CInlineFilter->filter()
#23 D:\wamp\www\yii\framework\web\CController.php(292): CFilterChain->run()
#24 D:\wamp\www\yii\framework\web\CController.php(266): RoomController->runActionWithFilters()
#25 D:\wamp\www\yii\framework\web\CWebApplication.php(276): RoomController->run()
#26 D:\wamp\www\yii\framework\web\CWebApplication.php(135): CWebApplication->runController()
#27 D:\wamp\www\yii\framework\base\CApplication.php(162): CWebApplication->processRequest()
#28 D:\wamp\www\hms\index.php(13): CWebApplication->run()
REQUEST_URI=/hms/index.php?r=room/create
in D:\wamp\www\hms\protected\views\room\_form.php (13)
in D:\wamp\www\hms\protected\views\room\create.php (15)
in D:\wamp\www\hms\protected\controllers\RoomController.php (78)
2012/04/15 17:05:32 [error] [exception.CException] exception 'CException' with message 'Property "Room.tags" is not defined.' in D:\wamp\www\yii\framework\base\CComponent.php:131
Stack trace:
#0 D:\wamp\www\yii\framework\db\ar\CActiveRecord.php(144): CComponent->__get('tags')
#1 D:\wamp\www\hms\protected\models\Room.php(65): CActiveRecord->__get('tags')
#2 D:\wamp\www\yii\framework\validators\CInlineValidator.php(43): Room->normalizeTags('Tags', Array)
#3 D:\wamp\www\yii\framework\validators\CValidator.php(197): CInlineValidator->validateAttribute(Object(Room), 'Tags')
#4 D:\wamp\www\yii\framework\base\CModel.php(158): CValidator->validate(Object(Room), NULL)
#5 D:\wamp\www\yii\framework\db\ar\CActiveRecord.php(786): CModel->validate(NULL)
#6 D:\wamp\www\hms\protected\controllers\RoomController.php(72): CActiveRecord->save()
#7 D:\wamp\www\yii\framework\web\actions\CInlineAction.php(50): RoomController->actionCreate()
#8 D:\wamp\www\yii\framework\web\CController.php(309): CInlineAction->runWithParams(Array)
#9 D:\wamp\www\yii\framework\web\filters\CFilterChain.php(134): CController->runAction(Object(CInlineAction))
#10 D:\wamp\www\yii\framework\web\filters\CFilter.php(41): CFilterChain->run()
#11 D:\wamp\www\yii\framework\web\CController.php(1146): CFilter->filter(Object(CFilterChain))
#12 D:\wamp\www\yii\framework\web\filters\CInlineFilter.php(59): CController->filterAccessControl(Object(CFilterChain))
#13 D:\wamp\www\yii\framework\web\filters\CFilterChain.php(131): CInlineFilter->filter(Object(CFilterChain))
#14 D:\wamp\www\yii\framework\web\CController.php(292): CFilterChain->run()
#15 D:\wamp\www\yii\framework\web\CController.php(266): CController->runActionWithFilters(Object(CInlineAction), Array)
#16 D:\wamp\www\yii\framework\web\CWebApplication.php(276): CController->run('create')
#17 D:\wamp\www\yii\framework\web\CWebApplication.php(135): CWebApplication->runController('room/create')
#18 D:\wamp\www\yii\framework\base\CApplication.php(162): CWebApplication->processRequest()
#19 D:\wamp\www\hms\index.php(13): CApplication->run()
#20 {main}
REQUEST_URI=/hms/index.php?r=room/create
HTTP_REFERER=http://localhost/hms/index.php?r=room/create
---
2012/04/15 17:06:29 [error] [exception.CException] exception 'CException' with message 'Tag and its behaviors do not have a method or closure named "updateFrequency".' in D:\wamp\www\yii\framework\base\CComponent.php:266
Stack trace:
#0 D:\wamp\www\yii\framework\db\ar\CActiveRecord.php(226): CComponent->__call('updateFrequency', Array)
#1 D:\wamp\www\hms\protected\models\Room.php(129): CActiveRecord->__call('updateFrequency', Array)
#2 D:\wamp\www\hms\protected\models\Room.php(129): Tag->updateFrequency(NULL, 'A  BB')
#3 D:\wamp\www\yii\framework\db\ar\CActiveRecord.php(1034): Room->afterSave()
#4 D:\wamp\www\yii\framework\db\ar\CActiveRecord.php(787): CActiveRecord->insert(NULL)
#5 D:\wamp\www\hms\protected\controllers\RoomController.php(72): CActiveRecord->save()
#6 D:\wamp\www\yii\framework\web\actions\CInlineAction.php(50): RoomController->actionCreate()
#7 D:\wamp\www\yii\framework\web\CController.php(309): CInlineAction->runWithParams(Array)
#8 D:\wamp\www\yii\framework\web\filters\CFilterChain.php(134): CController->runAction(Object(CInlineAction))
#9 D:\wamp\www\yii\framework\web\filters\CFilter.php(41): CFilterChain->run()
#10 D:\wamp\www\yii\framework\web\CController.php(1146): CFilter->filter(Object(CFilterChain))
#11 D:\wamp\www\yii\framework\web\filters\CInlineFilter.php(59): CController->filterAccessControl(Object(CFilterChain))
#12 D:\wamp\www\yii\framework\web\filters\CFilterChain.php(131): CInlineFilter->filter(Object(CFilterChain))
#13 D:\wamp\www\yii\framework\web\CController.php(292): CFilterChain->run()
#14 D:\wamp\www\yii\framework\web\CController.php(266): CController->runActionWithFilters(Object(CInlineAction), Array)
#15 D:\wamp\www\yii\framework\web\CWebApplication.php(276): CController->run('create')
#16 D:\wamp\www\yii\framework\web\CWebApplication.php(135): CWebApplication->runController('room/create')
#17 D:\wamp\www\yii\framework\base\CApplication.php(162): CWebApplication->processRequest()
#18 D:\wamp\www\hms\index.php(13): CApplication->run()
#19 {main}
REQUEST_URI=/hms/index.php?r=room/create
HTTP_REFERER=http://localhost/hms/index.php?r=room/create
---
2012/04/18 16:01:03 [error] [exception.CException] exception 'CException' with message 'Property "Room.score" is not defined.' in D:\wamp\www\yii\framework\base\CComponent.php:131
Stack trace:
#0 D:\wamp\www\yii\framework\db\ar\CActiveRecord.php(144): CComponent->__get('score')
#1 D:\wamp\www\yii\framework\base\CComponent.php(607) : eval()'d code(1): CActiveRecord->__get('score')
#2 D:\wamp\www\yii\framework\base\CComponent.php(607): eval()
#3 D:\wamp\www\yii\framework\zii\widgets\grid\CButtonColumn.php(311): CComponent->evaluateExpression('$data->score > ...', Array)
#4 D:\wamp\www\yii\framework\zii\widgets\grid\CButtonColumn.php(293): CButtonColumn->renderButton('down', Array, 0, Object(Room))
#5 D:\wamp\www\yii\framework\zii\widgets\grid\CGridColumn.php(138): CButtonColumn->renderDataCellContent(0, Object(Room))
#6 D:\wamp\www\yii\framework\zii\widgets\grid\CGridView.php(517): CGridColumn->renderDataCell(0)
#7 D:\wamp\www\yii\framework\zii\widgets\grid\CGridView.php(490): CGridView->renderTableRow(0)
#8 D:\wamp\www\yii\framework\zii\widgets\grid\CGridView.php(400): CGridView->renderTableBody()
#9 D:\wamp\www\yii\framework\zii\widgets\CBaseListView.php(158): CGridView->renderItems()
#10 [internal function]: CBaseListView->renderSection(Array)
#11 D:\wamp\www\yii\framework\zii\widgets\CBaseListView.php(141): preg_replace_callback('/{(\w+)}/', Array, '{summary}?{item...')
#12 D:\wamp\www\yii\framework\zii\widgets\CBaseListView.php(126): CBaseListView->renderContent()
#13 D:\wamp\www\yii\framework\web\CBaseController.php(174): CBaseListView->run()
#14 D:\wamp\www\hms\protected\views\room\admin.php(72): CBaseController->widget('zii.widgets.gri...', Array)
#15 D:\wamp\www\yii\framework\web\CBaseController.php(127): require('D:\wamp\www\hms...')
#16 D:\wamp\www\yii\framework\web\CBaseController.php(96): CBaseController->renderInternal('D:\wamp\www\hms...', Array, true)
#17 D:\wamp\www\yii\framework\web\CController.php(870): CBaseController->renderFile('D:\wamp\www\hms...', Array, true)
#18 D:\wamp\www\yii\framework\web\CController.php(783): CController->renderPartial('admin', Array, true)
#19 D:\wamp\www\hms\protected\controllers\RoomController.php(148): CController->render('admin', Array)
#20 D:\wamp\www\yii\framework\web\actions\CInlineAction.php(50): RoomController->actionAdmin()
#21 D:\wamp\www\yii\framework\web\CController.php(309): CInlineAction->runWithParams(Array)
#22 D:\wamp\www\yii\framework\web\filters\CFilterChain.php(134): CController->runAction(Object(CInlineAction))
#23 D:\wamp\www\yii\framework\web\filters\CFilter.php(41): CFilterChain->run()
#24 D:\wamp\www\yii\framework\web\CController.php(1146): CFilter->filter(Object(CFilterChain))
#25 D:\wamp\www\yii\framework\web\filters\CInlineFilter.php(59): CController->filterAccessControl(Object(CFilterChain))
#26 D:\wamp\www\yii\framework\web\filters\CFilterChain.php(131): CInlineFilter->filter(Object(CFilterChain))
#27 D:\wamp\www\yii\framework\web\CController.php(292): CFilterChain->run()
#28 D:\wamp\www\yii\framework\web\CController.php(266): CController->runActionWithFilters(Object(CInlineAction), Array)
#29 D:\wamp\www\yii\framework\web\CWebApplication.php(276): CController->run('admin')
#30 D:\wamp\www\yii\framework\web\CWebApplication.php(135): CWebApplication->runController('room/admin')
#31 D:\wamp\www\yii\framework\base\CApplication.php(162): CWebApplication->processRequest()
#32 D:\wamp\www\hms\index.php(13): CApplication->run()
#33 {main}
REQUEST_URI=/hms/index.php?r=room/admin
HTTP_REFERER=http://localhost/hms/index.php?r=room/index
---
2012/04/18 16:42:23 [error] [exception.CHttpException.404] exception 'CHttpException' with message 'Unable to resolve the request "yii".' in D:\wamp\www\yii\framework\web\CWebApplication.php:280
Stack trace:
#0 D:\wamp\www\yii\framework\web\CWebApplication.php(135): CWebApplication->runController('yii')
#1 D:\wamp\www\yii\framework\base\CApplication.php(162): CWebApplication->processRequest()
#2 D:\wamp\www\hms\index.php(13): CApplication->run()
#3 {main}
REQUEST_URI=/hms/index.php?r=yii
---
2012/04/18 16:42:35 [error] [exception.CHttpException.404] exception 'CHttpException' with message 'Unable to resolve the request "yiic".' in D:\wamp\www\yii\framework\web\CWebApplication.php:280
Stack trace:
#0 D:\wamp\www\yii\framework\web\CWebApplication.php(135): CWebApplication->runController('yiic')
#1 D:\wamp\www\yii\framework\base\CApplication.php(162): CWebApplication->processRequest()
#2 D:\wamp\www\hms\index.php(13): CApplication->run()
#3 {main}
REQUEST_URI=/hms/index.php?r=yiic
---
2012/04/19 18:14:29 [error] [php] Missing argument 2 for CClientScript::registerScript(), called in D:\wamp\www\hms\protected\views\room\admin.php on line 12 and defined (D:\wamp\www\yii\framework\web\CClientScript.php:603)
Stack trace:
#0 D:\wamp\www\yii\framework\web\CBaseController.php(96): RoomController->renderInternal()
#1 D:\wamp\www\yii\framework\web\CController.php(870): RoomController->renderFile()
#2 D:\wamp\www\yii\framework\web\CController.php(783): RoomController->renderPartial()
#3 D:\wamp\www\hms\protected\controllers\RoomController.php(148): RoomController->render()
#4 D:\wamp\www\yii\framework\web\actions\CInlineAction.php(50): RoomController->actionAdmin()
#5 D:\wamp\www\yii\framework\web\CController.php(309): CInlineAction->runWithParams()
#6 D:\wamp\www\yii\framework\web\filters\CFilterChain.php(134): RoomController->runAction()
#7 D:\wamp\www\yii\framework\web\filters\CFilter.php(41): CFilterChain->run()
#8 D:\wamp\www\yii\framework\web\CController.php(1146): CAccessControlFilter->filter()
#9 D:\wamp\www\yii\framework\web\filters\CInlineFilter.php(59): RoomController->filterAccessControl()
#10 D:\wamp\www\yii\framework\web\filters\CFilterChain.php(131): CInlineFilter->filter()
#11 D:\wamp\www\yii\framework\web\CController.php(292): CFilterChain->run()
#12 D:\wamp\www\yii\framework\web\CController.php(266): RoomController->runActionWithFilters()
#13 D:\wamp\www\yii\framework\web\CWebApplication.php(276): RoomController->run()
#14 D:\wamp\www\yii\framework\web\CWebApplication.php(135): CWebApplication->runController()
#15 D:\wamp\www\yii\framework\base\CApplication.php(162): CWebApplication->processRequest()
#16 D:\wamp\www\hms\index.php(13): CWebApplication->run()
REQUEST_URI=/hms/index.php?r=room/admin
in D:\wamp\www\hms\protected\views\room\admin.php (12)
in D:\wamp\www\hms\protected\controllers\RoomController.php (148)
in D:\wamp\www\hms\index.php (13)
2012/04/23 14:45:11 [error] [php] Undefined variable: data (D:\wamp\www\hms\protected\views\room\admin.php:133)
Stack trace:
#0 D:\wamp\www\yii\framework\web\CController.php(870): RoomController->renderFile()
#1 D:\wamp\www\yii\framework\web\CController.php(783): RoomController->renderPartial()
#2 D:\wamp\www\hms\protected\controllers\RoomController.php(148): RoomController->render()
#3 D:\wamp\www\yii\framework\web\actions\CInlineAction.php(50): RoomController->actionAdmin()
#4 D:\wamp\www\yii\framework\web\CController.php(309): CInlineAction->runWithParams()
#5 D:\wamp\www\yii\framework\web\filters\CFilterChain.php(134): RoomController->runAction()
#6 D:\wamp\www\yii\framework\web\filters\CFilter.php(41): CFilterChain->run()
#7 D:\wamp\www\yii\framework\web\CController.php(1146): CAccessControlFilter->filter()
#8 D:\wamp\www\yii\framework\web\filters\CInlineFilter.php(59): RoomController->filterAccessControl()
#9 D:\wamp\www\yii\framework\web\filters\CFilterChain.php(131): CInlineFilter->filter()
#10 D:\wamp\www\yii\framework\web\CController.php(292): CFilterChain->run()
#11 D:\wamp\www\yii\framework\web\CController.php(266): RoomController->runActionWithFilters()
#12 D:\wamp\www\yii\framework\web\CWebApplication.php(276): RoomController->run()
#13 D:\wamp\www\yii\framework\web\CWebApplication.php(135): CWebApplication->runController()
#14 D:\wamp\www\yii\framework\base\CApplication.php(162): CWebApplication->processRequest()
#15 D:\wamp\www\hms\index.php(13): CWebApplication->run()
REQUEST_URI=/hms/index.php?r=room/admin
in D:\wamp\www\hms\protected\views\room\admin.php (133)
in D:\wamp\www\hms\protected\controllers\RoomController.php (148)
in D:\wamp\www\hms\index.php (13)
2012/04/23 14:47:28 [error] [php] Trying to get property of non-object (D:\wamp\www\hms\protected\views\manage\checkin.php:1)
Stack trace:
#0 D:\wamp\www\yii\framework\web\CController.php(870): ManageController->renderFile()
#1 D:\wamp\www\hms\protected\controllers\ManageController.php(11): ManageController->renderPartial()
#2 unknown(0): ManageController->actionCheckin()
#3 D:\wamp\www\yii\framework\web\actions\CAction.php(107): ReflectionMethod->invokeArgs()
#4 D:\wamp\www\yii\framework\web\actions\CInlineAction.php(48): CInlineAction->runWithParamsInternal()
#5 D:\wamp\www\yii\framework\web\CController.php(309): CInlineAction->runWithParams()
#6 D:\wamp\www\yii\framework\web\CController.php(287): ManageController->runAction()
#7 D:\wamp\www\yii\framework\web\CController.php(266): ManageController->runActionWithFilters()
#8 D:\wamp\www\yii\framework\web\CWebApplication.php(276): ManageController->run()
#9 D:\wamp\www\yii\framework\web\CWebApplication.php(135): CWebApplication->runController()
#10 D:\wamp\www\yii\framework\base\CApplication.php(162): CWebApplication->processRequest()
#11 D:\wamp\www\hms\index.php(13): CWebApplication->run()
REQUEST_URI=/hms/index.php?r=manage/checkin&id=3
in D:\wamp\www\hms\protected\views\manage\checkin.php (1)
in D:\wamp\www\hms\protected\controllers\ManageController.php (11)
in D:\wamp\www\hms\index.php (13)
2012/04/23 14:49:27 [error] [php] Trying to get property of non-object (D:\wamp\www\hms\protected\views\manage\checkin.php:1)
Stack trace:
#0 D:\wamp\www\yii\framework\web\CController.php(870): ManageController->renderFile()
#1 D:\wamp\www\hms\protected\controllers\ManageController.php(11): ManageController->renderPartial()
#2 unknown(0): ManageController->actionCheckin()
#3 D:\wamp\www\yii\framework\web\actions\CAction.php(107): ReflectionMethod->invokeArgs()
#4 D:\wamp\www\yii\framework\web\actions\CInlineAction.php(48): CInlineAction->runWithParamsInternal()
#5 D:\wamp\www\yii\framework\web\CController.php(309): CInlineAction->runWithParams()
#6 D:\wamp\www\yii\framework\web\CController.php(287): ManageController->runAction()
#7 D:\wamp\www\yii\framework\web\CController.php(266): ManageController->runActionWithFilters()
#8 D:\wamp\www\yii\framework\web\CWebApplication.php(276): ManageController->run()
#9 D:\wamp\www\yii\framework\web\CWebApplication.php(135): CWebApplication->runController()
#10 D:\wamp\www\yii\framework\base\CApplication.php(162): CWebApplication->processRequest()
#11 D:\wamp\www\hms\index.php(13): CWebApplication->run()
REQUEST_URI=/hms/index.php?r=manage/checkin&id=3
in D:\wamp\www\hms\protected\views\manage\checkin.php (1)
in D:\wamp\www\hms\protected\controllers\ManageController.php (11)
in D:\wamp\www\hms\index.php (13)
2012/04/23 14:50:01 [error] [php] Trying to get property of non-object (D:\wamp\www\hms\protected\views\manage\checkin.php:1)
Stack trace:
#0 D:\wamp\www\yii\framework\web\CController.php(870): ManageController->renderFile()
#1 D:\wamp\www\hms\protected\controllers\ManageController.php(11): ManageController->renderPartial()
#2 unknown(0): ManageController->actionCheckin()
#3 D:\wamp\www\yii\framework\web\actions\CAction.php(107): ReflectionMethod->invokeArgs()
#4 D:\wamp\www\yii\framework\web\actions\CInlineAction.php(48): CInlineAction->runWithParamsInternal()
#5 D:\wamp\www\yii\framework\web\CController.php(309): CInlineAction->runWithParams()
#6 D:\wamp\www\yii\framework\web\CController.php(287): ManageController->runAction()
#7 D:\wamp\www\yii\framework\web\CController.php(266): ManageController->runActionWithFilters()
#8 D:\wamp\www\yii\framework\web\CWebApplication.php(276): ManageController->run()
#9 D:\wamp\www\yii\framework\web\CWebApplication.php(135): CWebApplication->runController()
#10 D:\wamp\www\yii\framework\base\CApplication.php(162): CWebApplication->processRequest()
#11 D:\wamp\www\hms\index.php(13): CWebApplication->run()
REQUEST_URI=/hms/index.php?r=manage/checkin&id=3
in D:\wamp\www\hms\protected\views\manage\checkin.php (1)
in D:\wamp\www\hms\protected\controllers\ManageController.php (11)
in D:\wamp\www\hms\index.php (13)
2012/04/23 14:50:01 [error] [php] Trying to get property of non-object (D:\wamp\www\hms\protected\views\manage\checkin.php:1)
Stack trace:
#0 D:\wamp\www\yii\framework\web\CController.php(870): ManageController->renderFile()
#1 D:\wamp\www\hms\protected\controllers\ManageController.php(11): ManageController->renderPartial()
#2 unknown(0): ManageController->actionCheckin()
#3 D:\wamp\www\yii\framework\web\actions\CAction.php(107): ReflectionMethod->invokeArgs()
#4 D:\wamp\www\yii\framework\web\actions\CInlineAction.php(48): CInlineAction->runWithParamsInternal()
#5 D:\wamp\www\yii\framework\web\CController.php(309): CInlineAction->runWithParams()
#6 D:\wamp\www\yii\framework\web\CController.php(287): ManageController->runAction()
#7 D:\wamp\www\yii\framework\web\CController.php(266): ManageController->runActionWithFilters()
#8 D:\wamp\www\yii\framework\web\CWebApplication.php(276): ManageController->run()
#9 D:\wamp\www\yii\framework\web\CWebApplication.php(135): CWebApplication->runController()
#10 D:\wamp\www\yii\framework\base\CApplication.php(162): CWebApplication->processRequest()
#11 D:\wamp\www\hms\index.php(13): CWebApplication->run()
REQUEST_URI=/hms/index.php?r=manage/checkin&id=3
in D:\wamp\www\hms\protected\views\manage\checkin.php (1)
in D:\wamp\www\hms\protected\controllers\ManageController.php (11)
in D:\wamp\www\hms\index.php (13)
2012/04/23 14:50:02 [error] [php] Trying to get property of non-object (D:\wamp\www\hms\protected\views\manage\checkin.php:1)
Stack trace:
#0 D:\wamp\www\yii\framework\web\CController.php(870): ManageController->renderFile()
#1 D:\wamp\www\hms\protected\controllers\ManageController.php(11): ManageController->renderPartial()
#2 unknown(0): ManageController->actionCheckin()
#3 D:\wamp\www\yii\framework\web\actions\CAction.php(107): ReflectionMethod->invokeArgs()
#4 D:\wamp\www\yii\framework\web\actions\CInlineAction.php(48): CInlineAction->runWithParamsInternal()
#5 D:\wamp\www\yii\framework\web\CController.php(309): CInlineAction->runWithParams()
#6 D:\wamp\www\yii\framework\web\CController.php(287): ManageController->runAction()
#7 D:\wamp\www\yii\framework\web\CController.php(266): ManageController->runActionWithFilters()
#8 D:\wamp\www\yii\framework\web\CWebApplication.php(276): ManageController->run()
#9 D:\wamp\www\yii\framework\web\CWebApplication.php(135): CWebApplication->runController()
#10 D:\wamp\www\yii\framework\base\CApplication.php(162): CWebApplication->processRequest()
#11 D:\wamp\www\hms\index.php(13): CWebApplication->run()
REQUEST_URI=/hms/index.php?r=manage/checkin&id=3
in D:\wamp\www\hms\protected\views\manage\checkin.php (1)
in D:\wamp\www\hms\protected\controllers\ManageController.php (11)
in D:\wamp\www\hms\index.php (13)
2012/04/23 14:50:02 [error] [php] Trying to get property of non-object (D:\wamp\www\hms\protected\views\manage\checkin.php:1)
Stack trace:
#0 D:\wamp\www\yii\framework\web\CController.php(870): ManageController->renderFile()
#1 D:\wamp\www\hms\protected\controllers\ManageController.php(11): ManageController->renderPartial()
#2 unknown(0): ManageController->actionCheckin()
#3 D:\wamp\www\yii\framework\web\actions\CAction.php(107): ReflectionMethod->invokeArgs()
#4 D:\wamp\www\yii\framework\web\actions\CInlineAction.php(48): CInlineAction->runWithParamsInternal()
#5 D:\wamp\www\yii\framework\web\CController.php(309): CInlineAction->runWithParams()
#6 D:\wamp\www\yii\framework\web\CController.php(287): ManageController->runAction()
#7 D:\wamp\www\yii\framework\web\CController.php(266): ManageController->runActionWithFilters()
#8 D:\wamp\www\yii\framework\web\CWebApplication.php(276): ManageController->run()
#9 D:\wamp\www\yii\framework\web\CWebApplication.php(135): CWebApplication->runController()
#10 D:\wamp\www\yii\framework\base\CApplication.php(162): CWebApplication->processRequest()
#11 D:\wamp\www\hms\index.php(13): CWebApplication->run()
REQUEST_URI=/hms/index.php?r=manage/checkin&id=3
in D:\wamp\www\hms\protected\views\manage\checkin.php (1)
in D:\wamp\www\hms\protected\controllers\ManageController.php (11)
in D:\wamp\www\hms\index.php (13)
2012/04/23 14:50:02 [error] [php] Trying to get property of non-object (D:\wamp\www\hms\protected\views\manage\checkin.php:1)
Stack trace:
#0 D:\wamp\www\yii\framework\web\CController.php(870): ManageController->renderFile()
#1 D:\wamp\www\hms\protected\controllers\ManageController.php(11): ManageController->renderPartial()
#2 unknown(0): ManageController->actionCheckin()
#3 D:\wamp\www\yii\framework\web\actions\CAction.php(107): ReflectionMethod->invokeArgs()
#4 D:\wamp\www\yii\framework\web\actions\CInlineAction.php(48): CInlineAction->runWithParamsInternal()
#5 D:\wamp\www\yii\framework\web\CController.php(309): CInlineAction->runWithParams()
#6 D:\wamp\www\yii\framework\web\CController.php(287): ManageController->runAction()
#7 D:\wamp\www\yii\framework\web\CController.php(266): ManageController->runActionWithFilters()
#8 D:\wamp\www\yii\framework\web\CWebApplication.php(276): ManageController->run()
#9 D:\wamp\www\yii\framework\web\CWebApplication.php(135): CWebApplication->runController()
#10 D:\wamp\www\yii\framework\base\CApplication.php(162): CWebApplication->processRequest()
#11 D:\wamp\www\hms\index.php(13): CWebApplication->run()
REQUEST_URI=/hms/index.php?r=manage/checkin&id=3
in D:\wamp\www\hms\protected\views\manage\checkin.php (1)
in D:\wamp\www\hms\protected\controllers\ManageController.php (11)
in D:\wamp\www\hms\index.php (13)
2012/04/23 15:07:19 [error] [php] Undefined variable: data (D:\wamp\www\hms\protected\views\manage\checkin.php:1)
Stack trace:
#0 D:\wamp\www\yii\framework\web\CController.php(870): ManageController->renderFile()
#1 D:\wamp\www\hms\protected\controllers\ManageController.php(11): ManageController->renderPartial()
#2 unknown(0): ManageController->actionCheckin()
#3 D:\wamp\www\yii\framework\web\actions\CAction.php(107): ReflectionMethod->invokeArgs()
#4 D:\wamp\www\yii\framework\web\actions\CInlineAction.php(48): CInlineAction->runWithParamsInternal()
#5 D:\wamp\www\yii\framework\web\CController.php(309): CInlineAction->runWithParams()
#6 D:\wamp\www\yii\framework\web\CController.php(287): ManageController->runAction()
#7 D:\wamp\www\yii\framework\web\CController.php(266): ManageController->runActionWithFilters()
#8 D:\wamp\www\yii\framework\web\CWebApplication.php(276): ManageController->run()
#9 D:\wamp\www\yii\framework\web\CWebApplication.php(135): CWebApplication->runController()
#10 D:\wamp\www\yii\framework\base\CApplication.php(162): CWebApplication->processRequest()
#11 D:\wamp\www\hms\index.php(13): CWebApplication->run()
REQUEST_URI=/hms/index.php?r=manage/checkin&id=3
in D:\wamp\www\hms\protected\views\manage\checkin.php (1)
in D:\wamp\www\hms\protected\controllers\ManageController.php (11)
in D:\wamp\www\hms\index.php (13)
2012/04/23 15:07:24 [error] [php] Undefined variable: data (D:\wamp\www\hms\protected\views\manage\checkin.php:1)
Stack trace:
#0 D:\wamp\www\yii\framework\web\CController.php(870): ManageController->renderFile()
#1 D:\wamp\www\hms\protected\controllers\ManageController.php(11): ManageController->renderPartial()
#2 unknown(0): ManageController->actionCheckin()
#3 D:\wamp\www\yii\framework\web\actions\CAction.php(107): ReflectionMethod->invokeArgs()
#4 D:\wamp\www\yii\framework\web\actions\CInlineAction.php(48): CInlineAction->runWithParamsInternal()
#5 D:\wamp\www\yii\framework\web\CController.php(309): CInlineAction->runWithParams()
#6 D:\wamp\www\yii\framework\web\CController.php(287): ManageController->runAction()
#7 D:\wamp\www\yii\framework\web\CController.php(266): ManageController->runActionWithFilters()
#8 D:\wamp\www\yii\framework\web\CWebApplication.php(276): ManageController->run()
#9 D:\wamp\www\yii\framework\web\CWebApplication.php(135): CWebApplication->runController()
#10 D:\wamp\www\yii\framework\base\CApplication.php(162): CWebApplication->processRequest()
#11 D:\wamp\www\hms\index.php(13): CWebApplication->run()
REQUEST_URI=/hms/index.php?r=manage/checkin&id=3
in D:\wamp\www\hms\protected\views\manage\checkin.php (1)
in D:\wamp\www\hms\protected\controllers\ManageController.php (11)
in D:\wamp\www\hms\index.php (13)
2012/04/23 15:07:36 [error] [php] Undefined variable: model (D:\wamp\www\hms\protected\views\manage\checkin.php:1)
Stack trace:
#0 D:\wamp\www\yii\framework\web\CController.php(870): ManageController->renderFile()
#1 D:\wamp\www\hms\protected\controllers\ManageController.php(11): ManageController->renderPartial()
#2 unknown(0): ManageController->actionCheckin()
#3 D:\wamp\www\yii\framework\web\actions\CAction.php(107): ReflectionMethod->invokeArgs()
#4 D:\wamp\www\yii\framework\web\actions\CInlineAction.php(48): CInlineAction->runWithParamsInternal()
#5 D:\wamp\www\yii\framework\web\CController.php(309): CInlineAction->runWithParams()
#6 D:\wamp\www\yii\framework\web\CController.php(287): ManageController->runAction()
#7 D:\wamp\www\yii\framework\web\CController.php(266): ManageController->runActionWithFilters()
#8 D:\wamp\www\yii\framework\web\CWebApplication.php(276): ManageController->run()
#9 D:\wamp\www\yii\framework\web\CWebApplication.php(135): CWebApplication->runController()
#10 D:\wamp\www\yii\framework\base\CApplication.php(162): CWebApplication->processRequest()
#11 D:\wamp\www\hms\index.php(13): CWebApplication->run()
REQUEST_URI=/hms/index.php?r=manage/checkin&id=3
in D:\wamp\www\hms\protected\views\manage\checkin.php (1)
in D:\wamp\www\hms\protected\controllers\ManageController.php (11)
in D:\wamp\www\hms\index.php (13)
2012/04/23 15:10:11 [error] [php] Undefined variable: model (D:\wamp\www\hms\protected\views\manage\checkin.php:1)
Stack trace:
#0 D:\wamp\www\yii\framework\web\CController.php(870): ManageController->renderFile()
#1 D:\wamp\www\hms\protected\controllers\ManageController.php(12): ManageController->renderPartial()
#2 unknown(0): ManageController->actionCheckin()
#3 D:\wamp\www\yii\framework\web\actions\CAction.php(107): ReflectionMethod->invokeArgs()
#4 D:\wamp\www\yii\framework\web\actions\CInlineAction.php(48): CInlineAction->runWithParamsInternal()
#5 D:\wamp\www\yii\framework\web\CController.php(309): CInlineAction->runWithParams()
#6 D:\wamp\www\yii\framework\web\CController.php(287): ManageController->runAction()
#7 D:\wamp\www\yii\framework\web\CController.php(266): ManageController->runActionWithFilters()
#8 D:\wamp\www\yii\framework\web\CWebApplication.php(276): ManageController->run()
#9 D:\wamp\www\yii\framework\web\CWebApplication.php(135): CWebApplication->runController()
#10 D:\wamp\www\yii\framework\base\CApplication.php(162): CWebApplication->processRequest()
#11 D:\wamp\www\hms\index.php(13): CWebApplication->run()
REQUEST_URI=/hms/index.php?r=manage/checkin&id=3
in D:\wamp\www\hms\protected\views\manage\checkin.php (1)
in D:\wamp\www\hms\protected\controllers\ManageController.php (12)
in D:\wamp\www\hms\index.php (13)
2012/04/23 15:10:33 [error] [php] Trying to get property of non-object (D:\wamp\www\hms\protected\views\manage\checkin.php:1)
Stack trace:
#0 D:\wamp\www\yii\framework\web\CController.php(870): ManageController->renderFile()
#1 D:\wamp\www\hms\protected\controllers\ManageController.php(12): ManageController->renderPartial()
#2 unknown(0): ManageController->actionCheckin()
#3 D:\wamp\www\yii\framework\web\actions\CAction.php(107): ReflectionMethod->invokeArgs()
#4 D:\wamp\www\yii\framework\web\actions\CInlineAction.php(48): CInlineAction->runWithParamsInternal()
#5 D:\wamp\www\yii\framework\web\CController.php(309): CInlineAction->runWithParams()
#6 D:\wamp\www\yii\framework\web\CController.php(287): ManageController->runAction()
#7 D:\wamp\www\yii\framework\web\CController.php(266): ManageController->runActionWithFilters()
#8 D:\wamp\www\yii\framework\web\CWebApplication.php(276): ManageController->run()
#9 D:\wamp\www\yii\framework\web\CWebApplication.php(135): CWebApplication->runController()
#10 D:\wamp\www\yii\framework\base\CApplication.php(162): CWebApplication->processRequest()
#11 D:\wamp\www\hms\index.php(13): CWebApplication->run()
REQUEST_URI=/hms/index.php?r=manage/checkin&id=3
in D:\wamp\www\hms\protected\views\manage\checkin.php (1)
in D:\wamp\www\hms\protected\controllers\ManageController.php (12)
in D:\wamp\www\hms\index.php (13)
2012/04/23 15:13:12 [error] [php] Trying to get property of non-object (D:\wamp\www\hms\protected\views\manage\checkin.php:1)
Stack trace:
#0 D:\wamp\www\yii\framework\web\CController.php(870): ManageController->renderFile()
#1 D:\wamp\www\hms\protected\controllers\ManageController.php(12): ManageController->renderPartial()
#2 unknown(0): ManageController->actionCheckin()
#3 D:\wamp\www\yii\framework\web\actions\CAction.php(107): ReflectionMethod->invokeArgs()
#4 D:\wamp\www\yii\framework\web\actions\CInlineAction.php(48): CInlineAction->runWithParamsInternal()
#5 D:\wamp\www\yii\framework\web\CController.php(309): CInlineAction->runWithParams()
#6 D:\wamp\www\yii\framework\web\CController.php(287): ManageController->runAction()
#7 D:\wamp\www\yii\framework\web\CController.php(266): ManageController->runActionWithFilters()
#8 D:\wamp\www\yii\framework\web\CWebApplication.php(276): ManageController->run()
#9 D:\wamp\www\yii\framework\web\CWebApplication.php(135): CWebApplication->runController()
#10 D:\wamp\www\yii\framework\base\CApplication.php(162): CWebApplication->processRequest()
#11 D:\wamp\www\hms\index.php(13): CWebApplication->run()
REQUEST_URI=/hms/index.php?r=manage/checkin&id=3
in D:\wamp\www\hms\protected\views\manage\checkin.php (1)
in D:\wamp\www\hms\protected\controllers\ManageController.php (12)
in D:\wamp\www\hms\index.php (13)
2012/04/23 15:13:15 [error] [php] Trying to get property of non-object (D:\wamp\www\hms\protected\views\manage\checkin.php:1)
Stack trace:
#0 D:\wamp\www\yii\framework\web\CController.php(870): ManageController->renderFile()
#1 D:\wamp\www\hms\protected\controllers\ManageController.php(12): ManageController->renderPartial()
#2 unknown(0): ManageController->actionCheckin()
#3 D:\wamp\www\yii\framework\web\actions\CAction.php(107): ReflectionMethod->invokeArgs()
#4 D:\wamp\www\yii\framework\web\actions\CInlineAction.php(48): CInlineAction->runWithParamsInternal()
#5 D:\wamp\www\yii\framework\web\CController.php(309): CInlineAction->runWithParams()
#6 D:\wamp\www\yii\framework\web\CController.php(287): ManageController->runAction()
#7 D:\wamp\www\yii\framework\web\CController.php(266): ManageController->runActionWithFilters()
#8 D:\wamp\www\yii\framework\web\CWebApplication.php(276): ManageController->run()
#9 D:\wamp\www\yii\framework\web\CWebApplication.php(135): CWebApplication->runController()
#10 D:\wamp\www\yii\framework\base\CApplication.php(162): CWebApplication->processRequest()
#11 D:\wamp\www\hms\index.php(13): CWebApplication->run()
REQUEST_URI=/hms/index.php?r=manage/checkin&id=3
in D:\wamp\www\hms\protected\views\manage\checkin.php (1)
in D:\wamp\www\hms\protected\controllers\ManageController.php (12)
in D:\wamp\www\hms\index.php (13)
2012/04/23 15:24:13 [error] [exception.CHttpException.404] exception 'CHttpException' with message 'Unable to resolve the request "cii".' in D:\wamp\www\yii\framework\web\CWebApplication.php:280
Stack trace:
#0 D:\wamp\www\yii\framework\web\CWebApplication.php(135): CWebApplication->runController('cii')
#1 D:\wamp\www\yii\framework\base\CApplication.php(162): CWebApplication->processRequest()
#2 D:\wamp\www\hms\index.php(13): CApplication->run()
#3 {main}
REQUEST_URI=/hms/index.php?r=cii
---
2012/04/23 15:34:03 [error] [exception.CHttpException.404] exception 'CHttpException' with message 'Unable to resolve the request "cii".' in D:\wamp\www\yii\framework\web\CWebApplication.php:280
Stack trace:
#0 D:\wamp\www\yii\framework\web\CWebApplication.php(135): CWebApplication->runController('cii')
#1 D:\wamp\www\yii\framework\base\CApplication.php(162): CWebApplication->processRequest()
#2 D:\wamp\www\hms\index.php(13): CApplication->run()
#3 {main}
REQUEST_URI=/hms/index.php?r=cii
---
2012/04/23 15:36:01 [error] [exception.CException] exception 'CException' with message 'ManageController cannot find the requested view "site/login".' in D:\wamp\www\yii\framework\web\CController.php:879
Stack trace:
#0 D:\wamp\www\yii\framework\web\CController.php(783): CController->renderPartial('site/login', Array, true)
#1 D:\wamp\www\hms\protected\controllers\ManageController.php(24): CController->render('site/login', Array)
#2 [internal function]: ManageController->actionCheckin('3')
#3 D:\wamp\www\yii\framework\web\actions\CAction.php(107): ReflectionMethod->invokeArgs(Object(ManageController), Array)
#4 D:\wamp\www\yii\framework\web\actions\CInlineAction.php(48): CAction->runWithParamsInternal(Object(ManageController), Object(ReflectionMethod), Array)
#5 D:\wamp\www\yii\framework\web\CController.php(309): CInlineAction->runWithParams(Array)
#6 D:\wamp\www\yii\framework\web\CController.php(287): CController->runAction(Object(CInlineAction))
#7 D:\wamp\www\yii\framework\web\CController.php(266): CController->runActionWithFilters(Object(CInlineAction), Array)
#8 D:\wamp\www\yii\framework\web\CWebApplication.php(276): CController->run('checkin')
#9 D:\wamp\www\yii\framework\web\CWebApplication.php(135): CWebApplication->runController('manage/checkin')
#10 D:\wamp\www\yii\framework\base\CApplication.php(162): CWebApplication->processRequest()
#11 D:\wamp\www\hms\index.php(13): CApplication->run()
#12 {main}
REQUEST_URI=/hms/index.php?r=manage/checkin&id=3
HTTP_REFERER=http://localhost/hms/index.php?r=room/admin
---
2012/04/23 15:36:11 [error] [exception.CException] exception 'CException' with message 'ManageController cannot find the requested view "site/login".' in D:\wamp\www\yii\framework\web\CController.php:879
Stack trace:
#0 D:\wamp\www\yii\framework\web\CController.php(783): CController->renderPartial('site/login', Array, true)
#1 D:\wamp\www\hms\protected\controllers\ManageController.php(24): CController->render('site/login', Array)
#2 [internal function]: ManageController->actionCheckin('3')
#3 D:\wamp\www\yii\framework\web\actions\CAction.php(107): ReflectionMethod->invokeArgs(Object(ManageController), Array)
#4 D:\wamp\www\yii\framework\web\actions\CInlineAction.php(48): CAction->runWithParamsInternal(Object(ManageController), Object(ReflectionMethod), Array)
#5 D:\wamp\www\yii\framework\web\CController.php(309): CInlineAction->runWithParams(Array)
#6 D:\wamp\www\yii\framework\web\CController.php(287): CController->runAction(Object(CInlineAction))
#7 D:\wamp\www\yii\framework\web\CController.php(266): CController->runActionWithFilters(Object(CInlineAction), Array)
#8 D:\wamp\www\yii\framework\web\CWebApplication.php(276): CController->run('checkin')
#9 D:\wamp\www\yii\framework\web\CWebApplication.php(135): CWebApplication->runController('manage/checkin')
#10 D:\wamp\www\yii\framework\base\CApplication.php(162): CWebApplication->processRequest()
#11 D:\wamp\www\hms\index.php(13): CApplication->run()
#12 {main}
REQUEST_URI=/hms/index.php?r=manage/checkin&id=3
---
2012/04/23 15:36:15 [error] [exception.CException] exception 'CException' with message 'ManageController cannot find the requested view "site/login".' in D:\wamp\www\yii\framework\web\CController.php:879
Stack trace:
#0 D:\wamp\www\yii\framework\web\CController.php(783): CController->renderPartial('site/login', Array, true)
#1 D:\wamp\www\hms\protected\controllers\ManageController.php(24): CController->render('site/login', Array)
#2 [internal function]: ManageController->actionCheckin('3')
#3 D:\wamp\www\yii\framework\web\actions\CAction.php(107): ReflectionMethod->invokeArgs(Object(ManageController), Array)
#4 D:\wamp\www\yii\framework\web\actions\CInlineAction.php(48): CAction->runWithParamsInternal(Object(ManageController), Object(ReflectionMethod), Array)
#5 D:\wamp\www\yii\framework\web\CController.php(309): CInlineAction->runWithParams(Array)
#6 D:\wamp\www\yii\framework\web\CController.php(287): CController->runAction(Object(CInlineAction))
#7 D:\wamp\www\yii\framework\web\CController.php(266): CController->runActionWithFilters(Object(CInlineAction), Array)
#8 D:\wamp\www\yii\framework\web\CWebApplication.php(276): CController->run('checkin')
#9 D:\wamp\www\yii\framework\web\CWebApplication.php(135): CWebApplication->runController('manage/checkin')
#10 D:\wamp\www\yii\framework\base\CApplication.php(162): CWebApplication->processRequest()
#11 D:\wamp\www\hms\index.php(13): CApplication->run()
#12 {main}
REQUEST_URI=/hms/index.php?r=manage/checkin&id=3
---
